Round 1
Player 1 guessing Attribute faceShape white
Player 2 answering false
Player 2 guessing Attribute faceShape white
Player 1 answering true
Round 2
Player 1 guessing Attribute facialHair blue
Player 2 answering false
Player 2 guessing Attribute noseShape yellow
Player 1 answering false
Round 3
Player 1 guessing Attribute eyeColor brown
Player 2 answering false
Player 2 guessing Attribute eyeColor brown
Player 1 answering false
Round 4
Player 1 guessing Attribute hat brown
Player 2 answering true
Player 2 guessing Attribute hat red
Player 1 answering true
Round 5
Player 1 guessing Person  P5
Player 2 answering true
Player 2 guessing Person  P3
Player 1 answering true
It's a tie!
